
6월 21, 2018 14:00:16.75 NEW SESSION
6월 21, 2018 14:00:16.75 [15660:17760:0621/140016.569:ERROR:install_util.cc(589)] Unable to create registry key HKLM\SOFTWARE\Policies\Google\Chrome for reading result=2
6월 21, 2018 14:01:22.36 [14868:8812:0621/140122.362:ERROR:install_util.cc(589)] Unable to create registry key HKLM\SOFTWARE\Policies\Google\Chrome for reading result=2

6월 25, 2018 13:49:36.17 NEW SESSION
6월 25, 2018 13:49:36.17 [7628:5432:0625/134936.168:ERROR:install_util.cc(589)] Unable to create registry key HKLM\SOFTWARE\Policies\Google\Chrome for reading result=2
6월 25, 2018 14:18:31.53 [5040:11216:0625/141831.536:ERROR:install_util.cc(589)] Unable to create registry key HKLM\SOFTWARE\Policies\Google\Chrome for reading result=2
6월 25, 2018 14:40:27.61 Unable to read VR Path Registry from C:\Users\Mirim\AppData\Local\openvr\openvrpaths.vrpath
6월 25, 2018 14:40:27.62 [5040:11216:0625/144027.618:ERROR:CONSOLE(32)] "Uncaught TypeError: Cannot read property 'displayName' of undefined", source: chrome://settings/lazy_load.crisper.js (32)
6월 25, 2018 14:40:27.62 [5040:11216:0625/144027.618:ERROR:CONSOLE(32)] "Uncaught TypeError: Cannot read property 'displayName' of undefined", source: chrome://settings/lazy_load.crisper.js (32)
6월 25, 2018 14:44:09.47 [5040:11216:0625/144409.474:ERROR:CONSOLE(32)] "Uncaught TypeError: Cannot read property 'displayName' of undefined", source: chrome://settings/lazy_load.crisper.js (32)
6월 25, 2018 14:44:09.48 [5040:11216:0625/144409.474:ERROR:CONSOLE(32)] "Uncaught TypeError: Cannot read property 'displayName' of undefined", source: chrome://settings/lazy_load.crisper.js (32)
6월 25, 2018 14:46:11.91 [5040:11216:0625/144611.910:ERROR:CONSOLE(32)] "Uncaught TypeError: Cannot read property 'displayName' of undefined", source: chrome://settings/lazy_load.crisper.js (32)
6월 25, 2018 14:46:11.91 [5040:11216:0625/144611.910:ERROR:CONSOLE(32)] "Uncaught TypeError: Cannot read property 'displayName' of undefined", source: chrome://settings/lazy_load.crisper.js (32)
6월 25, 2018 14:46:38.36 [5040:11216:0625/144638.367:ERROR:CONSOLE(32)] "Uncaught TypeError: Cannot read property 'displayName' of undefined", source: chrome://settings/lazy_load.crisper.js (32)
6월 25, 2018 14:46:38.37 [5040:11216:0625/144638.367:ERROR:CONSOLE(32)] "Uncaught TypeError: Cannot read property 'displayName' of undefined", source: chrome://settings/lazy_load.crisper.js (32)
6월 25, 2018 14:46:57.86 [5040:11216:0625/144657.862:ERROR:CONSOLE(32)] "Uncaught TypeError: Cannot read property 'displayName' of undefined", source: chrome://settings/lazy_load.crisper.js (32)
6월 25, 2018 14:46:57.87 [5040:11216:0625/144657.862:ERROR:CONSOLE(32)] "Uncaught TypeError: Cannot read property 'displayName' of undefined", source: chrome://settings/lazy_load.crisper.js (32)
6월 25, 2018 14:48:14.08 [5040:11216:0625/144814.080:ERROR:CONSOLE(32)] "Uncaught TypeError: Cannot read property 'displayName' of undefined", source: chrome://settings/lazy_load.crisper.js (32)
6월 25, 2018 14:48:14.08 [5040:11216:0625/144814.080:ERROR:CONSOLE(32)] "Uncaught TypeError: Cannot read property 'displayName' of undefined", source: chrome://settings/lazy_load.crisper.js (32)
6월 25, 2018 14:49:27.83 [5040:11216:0625/144927.829:ERROR:CONSOLE(32)] "Uncaught TypeError: Cannot read property 'displayName' of undefined", source: chrome://settings/lazy_load.crisper.js (32)
6월 25, 2018 14:49:27.83 [5040:11216:0625/144927.830:ERROR:CONSOLE(32)] "Uncaught TypeError: Cannot read property 'displayName' of undefined", source: chrome://settings/lazy_load.crisper.js (32)
6월 25, 2018 14:49:47.37 [5040:11216:0625/144947.378:ERROR:CONSOLE(32)] "Uncaught TypeError: Cannot read property 'displayName' of undefined", source: chrome://settings/lazy_load.crisper.js (32)
6월 25, 2018 14:49:47.38 [5040:11216:0625/144947.379:ERROR:CONSOLE(32)] "Uncaught TypeError: Cannot read property 'displayName' of undefined", source: chrome://settings/lazy_load.crisper.js (32)
6월 25, 2018 15:34:18.50 [5040:11216:0625/153418.509:ERROR:gcm_channel_status_request.cc(127)] GCM channel request failed.
6월 25, 2018 16:42:09.41 [5040:11216:0625/164209.410:ERROR:CONSOLE(32)] "Uncaught TypeError: Cannot read property 'displayName' of undefined", source: chrome://settings/lazy_load.crisper.js (32)
6월 25, 2018 16:42:09.41 [5040:11216:0625/164209.410:ERROR:CONSOLE(32)] "Uncaught TypeError: Cannot read property 'displayName' of undefined", source: chrome://settings/lazy_load.crisper.js (32)
6월 25, 2018 16:42:37.84 [5040:11216:0625/164237.842:ERROR:CONSOLE(32)] "Uncaught TypeError: Cannot read property 'displayName' of undefined", source: chrome://settings/lazy_load.crisper.js (32)
6월 25, 2018 16:42:37.84 [5040:11216:0625/164237.842:ERROR:CONSOLE(32)] "Uncaught TypeError: Cannot read property 'displayName' of undefined", source: chrome://settings/lazy_load.crisper.js (32)
6월 25, 2018 16:43:24.93 [13952:17000:0625/164324.934:ERROR:install_util.cc(589)] Unable to create registry key HKLM\SOFTWARE\Policies\Google\Chrome for reading result=2
6월 25, 2018 16:53:00.57 Unable to read VR Path Registry from C:\Users\Mirim\AppData\Local\openvr\openvrpaths.vrpath
6월 25, 2018 16:53:00.57 [13952:17000:0625/165300.569:ERROR:CONSOLE(32)] "Uncaught TypeError: Cannot read property 'displayName' of undefined", source: chrome://settings/lazy_load.crisper.js (32)
6월 25, 2018 16:53:00.58 [13952:17000:0625/165300.569:ERROR:CONSOLE(32)] "Uncaught TypeError: Cannot read property 'displayName' of undefined", source: chrome://settings/lazy_load.crisper.js (32)
6월 25, 2018 17:44:38.08 [13952:17000:0625/174438.084:ERROR:CONSOLE(32)] "Uncaught TypeError: Cannot read property 'displayName' of undefined", source: chrome://settings/lazy_load.crisper.js (32)
6월 25, 2018 17:44:38.09 [13952:17000:0625/174438.085:ERROR:CONSOLE(32)] "Uncaught TypeError: Cannot read property 'displayName' of undefined", source: chrome://settings/lazy_load.crisper.js (32)
6월 25, 2018 17:45:27.79 [13952:17000:0625/174527.794:ERROR:CONSOLE(32)] "Uncaught TypeError: Cannot read property 'displayName' of undefined", source: chrome://settings/lazy_load.crisper.js (32)
6월 25, 2018 17:45:27.80 [13952:17000:0625/174527.794:ERROR:CONSOLE(32)] "Uncaught TypeError: Cannot read property 'displayName' of undefined", source: chrome://settings/lazy_load.crisper.js (32)
6월 25, 2018 17:45:43.44 [13952:17000:0625/174543.448:ERROR:CONSOLE(32)] "Uncaught TypeError: Cannot read property 'displayName' of undefined", source: chrome://settings/lazy_load.crisper.js (32)
6월 25, 2018 17:45:43.45 [13952:17000:0625/174543.448:ERROR:CONSOLE(32)] "Uncaught TypeError: Cannot read property 'displayName' of undefined", source: chrome://settings/lazy_load.crisper.js (32)
6월 25, 2018 17:48:24.26 [13952:17000:0625/174824.262:ERROR:CONSOLE(32)] "Uncaught TypeError: Cannot read property 'displayName' of undefined", source: chrome://settings/lazy_load.crisper.js (32)
6월 25, 2018 17:48:24.27 [13952:17000:0625/174824.263:ERROR:CONSOLE(32)] "Uncaught TypeError: Cannot read property 'displayName' of undefined", source: chrome://settings/lazy_load.crisper.js (32)
6월 25, 2018 17:50:00.32 [13952:17000:0625/175000.321:ERROR:CONSOLE(32)] "Uncaught TypeError: Cannot read property 'displayName' of undefined", source: chrome://settings/lazy_load.crisper.js (32)
6월 25, 2018 17:50:00.33 [13952:17000:0625/175000.321:ERROR:CONSOLE(32)] "Uncaught TypeError: Cannot read property 'displayName' of undefined", source: chrome://settings/lazy_load.crisper.js (32)
6월 25, 2018 17:51:02.93 [13952:17000:0625/175102.933:ERROR:CONSOLE(32)] "Uncaught TypeError: Cannot read property 'displayName' of undefined", source: chrome://settings/lazy_load.crisper.js (32)
6월 25, 2018 17:51:02.98 [13952:17000:0625/175102.933:ERROR:CONSOLE(32)] "Uncaught TypeError: Cannot read property 'displayName' of undefined", source: chrome://settings/lazy_load.crisper.js (32)
6월 25, 2018 17:51:38.19 [13952:17000:0625/175138.194:ERROR:CONSOLE(32)] "Uncaught TypeError: Cannot read property 'displayName' of undefined", source: chrome://settings/lazy_load.crisper.js (32)
6월 25, 2018 17:51:38.20 [13952:17000:0625/175138.194:ERROR:CONSOLE(32)] "Uncaught TypeError: Cannot read property 'displayName' of undefined", source: chrome://settings/lazy_load.crisper.js (32)
6월 25, 2018 17:54:34.72 [13952:17000:0625/175434.721:ERROR:CONSOLE(32)] "Uncaught TypeError: Cannot read property 'displayName' of undefined", source: chrome://settings/lazy_load.crisper.js (32)
6월 25, 2018 17:54:34.73 [13952:17000:0625/175434.721:ERROR:CONSOLE(32)] "Uncaught TypeError: Cannot read property 'displayName' of undefined", source: chrome://settings/lazy_load.crisper.js (32)
6월 25, 2018 18:00:30.34 [13952:17000:0625/180030.342:ERROR:CONSOLE(32)] "Uncaught TypeError: Cannot read property 'displayName' of undefined", source: chrome://settings/lazy_load.crisper.js (32)
6월 25, 2018 18:00:30.35 [13952:17000:0625/180030.343:ERROR:CONSOLE(32)] "Uncaught TypeError: Cannot read property 'displayName' of undefined", source: chrome://settings/lazy_load.crisper.js (32)
6월 25, 2018 18:01:56.51 [13952:17000:0625/180156.517:ERROR:CONSOLE(32)] "Uncaught TypeError: Cannot read property 'displayName' of undefined", source: chrome://settings/lazy_load.crisper.js (32)
6월 25, 2018 18:01:56.76 [13952:17000:0625/180156.517:ERROR:CONSOLE(32)] "Uncaught TypeError: Cannot read property 'displayName' of undefined", source: chrome://settings/lazy_load.crisper.js (32)
6월 25, 2018 18:29:53.01 [13952:17000:0625/182953.014:ERROR:CONSOLE(32)] "Uncaught TypeError: Cannot read property 'displayName' of undefined", source: chrome://settings/lazy_load.crisper.js (32)
6월 25, 2018 18:29:53.02 [13952:17000:0625/182953.014:ERROR:CONSOLE(32)] "Uncaught TypeError: Cannot read property 'displayName' of undefined", source: chrome://settings/lazy_load.crisper.js (32)
6월 25, 2018 18:31:54.31 [13952:17000:0625/183154.313:ERROR:CONSOLE(32)] "Uncaught TypeError: Cannot read property 'displayName' of undefined", source: chrome://settings/lazy_load.crisper.js (32)
6월 25, 2018 18:31:54.32 [13952:17000:0625/183154.313:ERROR:CONSOLE(32)] "Uncaught TypeError: Cannot read property 'displayName' of undefined", source: chrome://settings/lazy_load.crisper.js (32)
6월 25, 2018 18:32:31.20 [13952:17000:0625/183231.201:ERROR:CONSOLE(32)] "Uncaught TypeError: Cannot read property 'displayName' of undefined", source: chrome://settings/lazy_load.crisper.js (32)
6월 25, 2018 18:32:31.20 [13952:17000:0625/183231.202:ERROR:CONSOLE(32)] "Uncaught TypeError: Cannot read property 'displayName' of undefined", source: chrome://settings/lazy_load.crisper.js (32)
6월 25, 2018 18:38:49.11 [13952:17000:0625/183849.114:ERROR:CONSOLE(32)] "Uncaught TypeError: Cannot read property 'displayName' of undefined", source: chrome://settings/lazy_load.crisper.js (32)
6월 25, 2018 18:38:49.12 [13952:17000:0625/183849.114:ERROR:CONSOLE(32)] "Uncaught TypeError: Cannot read property 'displayName' of undefined", source: chrome://settings/lazy_load.crisper.js (32)
6월 25, 2018 18:39:45.04 [13952:17000:0625/183945.049:ERROR:CONSOLE(32)] "Uncaught TypeError: Cannot read property 'displayName' of undefined", source: chrome://settings/lazy_load.crisper.js (32)
6월 25, 2018 18:39:45.05 [13952:17000:0625/183945.049:ERROR:CONSOLE(32)] "Uncaught TypeError: Cannot read property 'displayName' of undefined", source: chrome://settings/lazy_load.crisper.js (32)
6월 25, 2018 18:40:23.77 [13952:17000:0625/184023.773:ERROR:CONSOLE(32)] "Uncaught TypeError: Cannot read property 'displayName' of undefined", source: chrome://settings/lazy_load.crisper.js (32)
6월 25, 2018 18:40:23.78 [13952:17000:0625/184023.773:ERROR:CONSOLE(32)] "Uncaught TypeError: Cannot read property 'displayName' of undefined", source: chrome://settings/lazy_load.crisper.js (32)
6월 25, 2018 18:40:42.04 [13952:17000:0625/184042.049:ERROR:CONSOLE(32)] "Uncaught TypeError: Cannot read property 'displayName' of undefined", source: chrome://settings/lazy_load.crisper.js (32)
6월 25, 2018 18:40:42.05 [13952:17000:0625/184042.049:ERROR:CONSOLE(32)] "Uncaught TypeError: Cannot read property 'displayName' of undefined", source: chrome://settings/lazy_load.crisper.js (32)
6월 25, 2018 18:41:48.58 [13952:17000:0625/184148.587:ERROR:CONSOLE(32)] "Uncaught TypeError: Cannot read property 'displayName' of undefined", source: chrome://settings/lazy_load.crisper.js (32)
6월 25, 2018 18:41:48.59 [13952:17000:0625/184148.587:ERROR:CONSOLE(32)] "Uncaught TypeError: Cannot read property 'displayName' of undefined", source: chrome://settings/lazy_load.crisper.js (32)
6월 25, 2018 18:42:16.07 [13952:17000:0625/184216.070:ERROR:CONSOLE(32)] "Uncaught TypeError: Cannot read property 'displayName' of undefined", source: chrome://settings/lazy_load.crisper.js (32)
6월 25, 2018 18:42:16.07 [13952:17000:0625/184216.070:ERROR:CONSOLE(32)] "Uncaught TypeError: Cannot read property 'displayName' of undefined", source: chrome://settings/lazy_load.crisper.js (32)
6월 25, 2018 18:43:13.77 [13952:17000:0625/184313.770:ERROR:CONSOLE(32)] "Uncaught TypeError: Cannot read property 'displayName' of undefined", source: chrome://settings/lazy_load.crisper.js (32)
6월 25, 2018 18:43:13.77 [13952:17000:0625/184313.770:ERROR:CONSOLE(32)] "Uncaught TypeError: Cannot read property 'displayName' of undefined", source: chrome://settings/lazy_load.crisper.js (32)
6월 25, 2018 18:44:31.21 [13952:17000:0625/184431.213:ERROR:CONSOLE(32)] "Uncaught TypeError: Cannot read property 'displayName' of undefined", source: chrome://settings/lazy_load.crisper.js (32)
6월 25, 2018 18:44:31.21 [13952:17000:0625/184431.213:ERROR:CONSOLE(32)] "Uncaught TypeError: Cannot read property 'displayName' of undefined", source: chrome://settings/lazy_load.crisper.js (32)
6월 25, 2018 18:48:25.21 [13952:17000:0625/184825.208:ERROR:CONSOLE(32)] "Uncaught TypeError: Cannot read property 'displayName' of undefined", source: chrome://settings/lazy_load.crisper.js (32)
6월 25, 2018 18:48:25.22 [13952:17000:0625/184825.208:ERROR:CONSOLE(32)] "Uncaught TypeError: Cannot read property 'displayName' of undefined", source: chrome://settings/lazy_load.crisper.js (32)
6월 25, 2018 18:48:35.92 [13952:17000:0625/184835.922:ERROR:CONSOLE(32)] "Uncaught TypeError: Cannot read property 'displayName' of undefined", source: chrome://settings/lazy_load.crisper.js (32)
6월 25, 2018 18:48:35.92 [13952:17000:0625/184835.923:ERROR:CONSOLE(32)] "Uncaught TypeError: Cannot read property 'displayName' of undefined", source: chrome://settings/lazy_load.crisper.js (32)
6월 25, 2018 18:48:36.29 [13952:17000:0625/184836.290:ERROR:CONSOLE(32)] "Uncaught TypeError: Cannot read property 'displayName' of undefined", source: chrome://settings/lazy_load.crisper.js (32)
6월 25, 2018 18:48:36.29 [13952:17000:0625/184836.291:ERROR:CONSOLE(32)] "Uncaught TypeError: Cannot read property 'displayName' of undefined", source: chrome://settings/lazy_load.crisper.js (32)
6월 25, 2018 18:48:44.65 [13952:17000:0625/184844.657:ERROR:CONSOLE(32)] "Uncaught TypeError: Cannot read property 'displayName' of undefined", source: chrome://settings/lazy_load.crisper.js (32)
6월 25, 2018 18:48:44.66 [13952:17000:0625/184844.657:ERROR:CONSOLE(32)] "Uncaught TypeError: Cannot read property 'displayName' of undefined", source: chrome://settings/lazy_load.crisper.js (32)
6월 25, 2018 18:50:13.88 [13952:17000:0625/185013.880:ERROR:CONSOLE(32)] "Uncaught TypeError: Cannot read property 'displayName' of undefined", source: chrome://settings/lazy_load.crisper.js (32)
6월 25, 2018 18:50:13.88 [13952:17000:0625/185013.880:ERROR:CONSOLE(32)] "Uncaught TypeError: Cannot read property 'displayName' of undefined", source: chrome://settings/lazy_load.crisper.js (32)
6월 25, 2018 18:51:58.87 [16472:16812:0625/185158.870:ERROR:install_util.cc(589)] Unable to create registry key HKLM\SOFTWARE\Policies\Google\Chrome for reading result=2

6월 25, 2018 19:09:17.06 NEW SESSION
6월 25, 2018 19:09:17.06 [2484:14332:0625/190917.066:ERROR:install_util.cc(589)] Unable to create registry key HKLM\SOFTWARE\Policies\Google\Chrome for reading result=2
6월 25, 2018 19:09:25.13 [17800:18080:0625/190925.135:ERROR:install_util.cc(589)] Unable to create registry key HKLM\SOFTWARE\Policies\Google\Chrome for reading result=2
6월 25, 2018 19:10:11.73 [32:17156:0625/191011.732:ERROR:install_util.cc(589)] Unable to create registry key HKLM\SOFTWARE\Policies\Google\Chrome for reading result=2
6월 25, 2018 20:17:48.59 Unable to read VR Path Registry from C:\Users\Mirim\AppData\Local\openvr\openvrpaths.vrpath
6월 25, 2018 20:18:45.14 [5864:10488:0625/201845.144:ERROR:install_util.cc(589)] Unable to create registry key HKLM\SOFTWARE\Policies\Google\Chrome for reading result=2
6월 25, 2018 20:24:50.24 Unable to read VR Path Registry from C:\Users\Mirim\AppData\Local\openvr\openvrpaths.vrpath

6월 26, 2018 07:47:57.02 NEW SESSION
6월 26, 2018 07:47:57.02 [3752:9184:0626/074757.020:ERROR:install_util.cc(589)] Unable to create registry key HKLM\SOFTWARE\Policies\Google\Chrome for reading result=2
6월 26, 2018 08:01:20.38 Unable to read VR Path Registry from C:\Users\Mirim\AppData\Local\openvr\openvrpaths.vrpath
6월 26, 2018 08:01:20.38 [3752:9184:0626/080120.382:ERROR:CONSOLE(32)] "Uncaught TypeError: Cannot read property 'displayName' of undefined", source: chrome://settings/lazy_load.crisper.js (32)
6월 26, 2018 08:01:20.39 [3752:9184:0626/080120.382:ERROR:CONSOLE(32)] "Uncaught TypeError: Cannot read property 'displayName' of undefined", source: chrome://settings/lazy_load.crisper.js (32)
6월 26, 2018 08:02:13.40 [3752:9184:0626/080213.400:ERROR:CONSOLE(32)] "Uncaught TypeError: Cannot read property 'displayName' of undefined", source: chrome://settings/lazy_load.crisper.js (32)
6월 26, 2018 08:02:13.40 [3752:9184:0626/080213.400:ERROR:CONSOLE(32)] "Uncaught TypeError: Cannot read property 'displayName' of undefined", source: chrome://settings/lazy_load.crisper.js (32)
6월 26, 2018 08:02:42.07 [3752:9184:0626/080242.072:ERROR:CONSOLE(32)] "Uncaught TypeError: Cannot read property 'displayName' of undefined", source: chrome://settings/lazy_load.crisper.js (32)
6월 26, 2018 08:02:42.07 [3752:9184:0626/080242.072:ERROR:CONSOLE(32)] "Uncaught TypeError: Cannot read property 'displayName' of undefined", source: chrome://settings/lazy_load.crisper.js (32)
6월 26, 2018 08:12:13.00 [3752:9184:0626/081213.002:ERROR:CONSOLE(32)] "Uncaught TypeError: Cannot read property 'displayName' of undefined", source: chrome://settings/lazy_load.crisper.js (32)
6월 26, 2018 08:12:13.00 [3752:9184:0626/081213.003:ERROR:CONSOLE(32)] "Uncaught TypeError: Cannot read property 'displayName' of undefined", source: chrome://settings/lazy_load.crisper.js (32)
6월 26, 2018 08:12:56.03 [3752:9184:0626/081256.030:ERROR:CONSOLE(32)] "Uncaught TypeError: Cannot read property 'displayName' of undefined", source: chrome://settings/lazy_load.crisper.js (32)
6월 26, 2018 08:12:56.03 [3752:9184:0626/081256.030:ERROR:CONSOLE(32)] "Uncaught TypeError: Cannot read property 'displayName' of undefined", source: chrome://settings/lazy_load.crisper.js (32)
6월 26, 2018 08:13:47.80 [3752:9184:0626/081347.800:ERROR:CONSOLE(32)] "Uncaught TypeError: Cannot read property 'displayName' of undefined", source: chrome://settings/lazy_load.crisper.js (32)
6월 26, 2018 08:13:47.80 [3752:9184:0626/081347.801:ERROR:CONSOLE(32)] "Uncaught TypeError: Cannot read property 'displayName' of undefined", source: chrome://settings/lazy_load.crisper.js (32)
6월 26, 2018 08:15:01.02 [3752:9184:0626/081501.020:ERROR:CONSOLE(32)] "Uncaught TypeError: Cannot read property 'displayName' of undefined", source: chrome://settings/lazy_load.crisper.js (32)
6월 26, 2018 08:15:01.02 [3752:9184:0626/081501.020:ERROR:CONSOLE(32)] "Uncaught TypeError: Cannot read property 'displayName' of undefined", source: chrome://settings/lazy_load.crisper.js (32)
6월 26, 2018 08:15:15.70 [3752:9184:0626/081515.703:ERROR:CONSOLE(32)] "Uncaught TypeError: Cannot read property 'displayName' of undefined", source: chrome://settings/lazy_load.crisper.js (32)
6월 26, 2018 08:15:15.71 [3752:9184:0626/081515.704:ERROR:CONSOLE(32)] "Uncaught TypeError: Cannot read property 'displayName' of undefined", source: chrome://settings/lazy_load.crisper.js (32)
6월 26, 2018 08:15:48.03 [3752:9184:0626/081548.039:ERROR:CONSOLE(32)] "Uncaught TypeError: Cannot read property 'displayName' of undefined", source: chrome://settings/lazy_load.crisper.js (32)
6월 26, 2018 08:15:48.04 [3752:9184:0626/081548.039:ERROR:CONSOLE(32)] "Uncaught TypeError: Cannot read property 'displayName' of undefined", source: chrome://settings/lazy_load.crisper.js (32)
6월 26, 2018 08:16:12.94 [3752:9184:0626/081612.944:ERROR:CONSOLE(32)] "Uncaught TypeError: Cannot read property 'displayName' of undefined", source: chrome://settings/lazy_load.crisper.js (32)
6월 26, 2018 08:16:12.95 [3752:9184:0626/081612.944:ERROR:CONSOLE(32)] "Uncaught TypeError: Cannot read property 'displayName' of undefined", source: chrome://settings/lazy_load.crisper.js (32)
6월 26, 2018 08:20:25.07 [3752:9184:0626/082025.078:ERROR:CONSOLE(32)] "Uncaught TypeError: Cannot read property 'displayName' of undefined", source: chrome://settings/lazy_load.crisper.js (32)
6월 26, 2018 08:20:25.08 [3752:9184:0626/082025.079:ERROR:CONSOLE(32)] "Uncaught TypeError: Cannot read property 'displayName' of undefined", source: chrome://settings/lazy_load.crisper.js (32)
6월 26, 2018 08:20:48.20 [3752:9184:0626/082048.202:ERROR:CONSOLE(32)] "Uncaught TypeError: Cannot read property 'displayName' of undefined", source: chrome://settings/lazy_load.crisper.js (32)
6월 26, 2018 08:20:48.20 [3752:9184:0626/082048.202:ERROR:CONSOLE(32)] "Uncaught TypeError: Cannot read property 'displayName' of undefined", source: chrome://settings/lazy_load.crisper.js (32)
6월 26, 2018 08:21:12.96 [3752:9184:0626/082112.964:ERROR:CONSOLE(32)] "Uncaught TypeError: Cannot read property 'displayName' of undefined", source: chrome://settings/lazy_load.crisper.js (32)
6월 26, 2018 08:21:12.96 [3752:9184:0626/082112.964:ERROR:CONSOLE(32)] "Uncaught TypeError: Cannot read property 'displayName' of undefined", source: chrome://settings/lazy_load.crisper.js (32)
6월 26, 2018 08:21:46.07 [3752:9184:0626/082146.071:ERROR:CONSOLE(32)] "Uncaught TypeError: Cannot read property 'displayName' of undefined", source: chrome://settings/lazy_load.crisper.js (32)
6월 26, 2018 08:21:46.08 [3752:9184:0626/082146.071:ERROR:CONSOLE(32)] "Uncaught TypeError: Cannot read property 'displayName' of undefined", source: chrome://settings/lazy_load.crisper.js (32)
6월 26, 2018 08:22:42.52 [3752:9184:0626/082242.527:ERROR:CONSOLE(32)] "Uncaught TypeError: Cannot read property 'displayName' of undefined", source: chrome://settings/lazy_load.crisper.js (32)
6월 26, 2018 08:22:42.53 [3752:9184:0626/082242.527:ERROR:CONSOLE(32)] "Uncaught TypeError: Cannot read property 'displayName' of undefined", source: chrome://settings/lazy_load.crisper.js (32)
6월 26, 2018 08:23:50.63 [3752:9184:0626/082350.631:ERROR:CONSOLE(32)] "Uncaught TypeError: Cannot read property 'displayName' of undefined", source: chrome://settings/lazy_load.crisper.js (32)
6월 26, 2018 08:23:50.64 [3752:9184:0626/082350.631:ERROR:CONSOLE(32)] "Uncaught TypeError: Cannot read property 'displayName' of undefined", source: chrome://settings/lazy_load.crisper.js (32)
6월 26, 2018 08:25:43.46 [3752:9184:0626/082543.463:ERROR:CONSOLE(32)] "Uncaught TypeError: Cannot read property 'displayName' of undefined", source: chrome://settings/lazy_load.crisper.js (32)
6월 26, 2018 08:25:43.47 [3752:9184:0626/082543.464:ERROR:CONSOLE(32)] "Uncaught TypeError: Cannot read property 'displayName' of undefined", source: chrome://settings/lazy_load.crisper.js (32)
6월 26, 2018 08:26:13.28 [3752:9184:0626/082613.282:ERROR:CONSOLE(32)] "Uncaught TypeError: Cannot read property 'displayName' of undefined", source: chrome://settings/lazy_load.crisper.js (32)
6월 26, 2018 08:26:16.31 [3752:9184:0626/082613.282:ERROR:CONSOLE(32)] "Uncaught TypeError: Cannot read property 'displayName' of undefined", source: chrome://settings/lazy_load.crisper.js (32)
6월 26, 2018 08:26:45.87 [3752:9184:0626/082645.871:ERROR:CONSOLE(32)] "Uncaught TypeError: Cannot read property 'displayName' of undefined", source: chrome://settings/lazy_load.crisper.js (32)
6월 26, 2018 08:26:45.87 [3752:9184:0626/082645.872:ERROR:CONSOLE(32)] "Uncaught TypeError: Cannot read property 'displayName' of undefined", source: chrome://settings/lazy_load.crisper.js (32)
6월 26, 2018 08:34:22.12 [3752:9184:0626/083422.129:ERROR:CONSOLE(32)] "Uncaught TypeError: Cannot read property 'displayName' of undefined", source: chrome://settings/lazy_load.crisper.js (32)
6월 26, 2018 08:34:22.13 [3752:9184:0626/083422.129:ERROR:CONSOLE(32)] "Uncaught TypeError: Cannot read property 'displayName' of undefined", source: chrome://settings/lazy_load.crisper.js (32)
6월 26, 2018 08:41:47.91 [3752:9184:0626/084147.918:ERROR:CONSOLE(32)] "Uncaught TypeError: Cannot read property 'displayName' of undefined", source: chrome://settings/lazy_load.crisper.js (32)
6월 26, 2018 08:41:47.92 [3752:9184:0626/084147.918:ERROR:CONSOLE(32)] "Uncaught TypeError: Cannot read property 'displayName' of undefined", source: chrome://settings/lazy_load.crisper.js (32)
6월 26, 2018 08:42:05.80 [3752:9184:0626/084205.807:ERROR:CONSOLE(32)] "Uncaught TypeError: Cannot read property 'displayName' of undefined", source: chrome://settings/lazy_load.crisper.js (32)
6월 26, 2018 08:42:05.81 [3752:9184:0626/084205.807:ERROR:CONSOLE(32)] "Uncaught TypeError: Cannot read property 'displayName' of undefined", source: chrome://settings/lazy_load.crisper.js (32)
6월 26, 2018 08:59:26.10 [3752:9184:0626/085925.765:ERROR:CONSOLE(32)] "Uncaught TypeError: Cannot read property 'displayName' of undefined", source: chrome://settings/lazy_load.crisper.js (32)
6월 26, 2018 08:59:26.11 [3752:9184:0626/085925.766:ERROR:CONSOLE(32)] "Uncaught TypeError: Cannot read property 'displayName' of undefined", source: chrome://settings/lazy_load.crisper.js (32)
6월 26, 2018 09:01:00.21 [3752:9184:0626/090100.219:ERROR:CONSOLE(32)] "Uncaught TypeError: Cannot read property 'displayName' of undefined", source: chrome://settings/lazy_load.crisper.js (32)
6월 26, 2018 09:01:00.22 [3752:9184:0626/090100.219:ERROR:CONSOLE(32)] "Uncaught TypeError: Cannot read property 'displayName' of undefined", source: chrome://settings/lazy_load.crisper.js (32)
6월 26, 2018 09:01:18.55 [6724:15400:0626/090118.556:ERROR:install_util.cc(589)] Unable to create registry key HKLM\SOFTWARE\Policies\Google\Chrome for reading result=2
6월 26, 2018 09:07:31.06 Unable to read VR Path Registry from C:\Users\Mirim\AppData\Local\openvr\openvrpaths.vrpath
6월 26, 2018 09:07:31.07 [6724:15400:0626/090731.066:ERROR:CONSOLE(32)] "Uncaught TypeError: Cannot read property 'displayName' of undefined", source: chrome://settings/lazy_load.crisper.js (32)
6월 26, 2018 09:07:31.07 [6724:15400:0626/090731.067:ERROR:CONSOLE(32)] "Uncaught TypeError: Cannot read property 'displayName' of undefined", source: chrome://settings/lazy_load.crisper.js (32)
6월 26, 2018 09:09:49.41 [6724:15400:0626/090949.413:ERROR:CONSOLE(32)] "Uncaught TypeError: Cannot read property 'displayName' of undefined", source: chrome://settings/lazy_load.crisper.js (32)
6월 26, 2018 09:09:49.41 [6724:15400:0626/090949.414:ERROR:CONSOLE(32)] "Uncaught TypeError: Cannot read property 'displayName' of undefined", source: chrome://settings/lazy_load.crisper.js (32)
6월 26, 2018 09:12:59.32 [6724:15400:0626/091259.326:ERROR:CONSOLE(32)] "Uncaught TypeError: Cannot read property 'displayName' of undefined", source: chrome://settings/lazy_load.crisper.js (32)
6월 26, 2018 09:12:59.33 [6724:15400:0626/091259.327:ERROR:CONSOLE(32)] "Uncaught TypeError: Cannot read property 'displayName' of undefined", source: chrome://settings/lazy_load.crisper.js (32)
6월 26, 2018 09:19:40.14 [6724:15400:0626/091940.143:ERROR:CONSOLE(32)] "Uncaught TypeError: Cannot read property 'displayName' of undefined", source: chrome://settings/lazy_load.crisper.js (32)
6월 26, 2018 09:19:40.15 [6724:15400:0626/091940.144:ERROR:CONSOLE(32)] "Uncaught TypeError: Cannot read property 'displayName' of undefined", source: chrome://settings/lazy_load.crisper.js (32)
6월 26, 2018 09:21:01.62 [6724:15400:0626/092101.620:ERROR:CONSOLE(32)] "Uncaught TypeError: Cannot read property 'displayName' of undefined", source: chrome://settings/lazy_load.crisper.js (32)
6월 26, 2018 09:21:01.62 [6724:15400:0626/092101.620:ERROR:CONSOLE(32)] "Uncaught TypeError: Cannot read property 'displayName' of undefined", source: chrome://settings/lazy_load.crisper.js (32)
6월 26, 2018 09:23:10.40 [6724:15400:0626/092310.408:ERROR:CONSOLE(32)] "Uncaught TypeError: Cannot read property 'displayName' of undefined", source: chrome://settings/lazy_load.crisper.js (32)
6월 26, 2018 09:23:10.41 [6724:15400:0626/092310.409:ERROR:CONSOLE(32)] "Uncaught TypeError: Cannot read property 'displayName' of undefined", source: chrome://settings/lazy_load.crisper.js (32)
6월 26, 2018 09:23:27.33 [2352:3468:0626/092327.333:ERROR:install_util.cc(589)] Unable to create registry key HKLM\SOFTWARE\Policies\Google\Chrome for reading result=2
6월 26, 2018 09:37:27.34 [10316:12964:0626/093727.346:ERROR:install_util.cc(589)] Unable to create registry key HKLM\SOFTWARE\Policies\Google\Chrome for reading result=2
6월 26, 2018 10:15:57.54 Unable to read VR Path Registry from C:\Users\Mirim\AppData\Local\openvr\openvrpaths.vrpath

6월 26, 2018 16:53:51.70 NEW SESSION
6월 26, 2018 16:53:51.70 [11676:2512:0626/165351.708:ERROR:install_util.cc(589)] Unable to create registry key HKLM\SOFTWARE\Policies\Google\Chrome for reading result=2
6월 26, 2018 19:22:57.04 Unable to read VR Path Registry from C:\Users\Mirim\AppData\Local\openvr\openvrpaths.vrpath
6월 26, 2018 19:22:57.05 [11676:1924:0626/192257.042:ERROR:ssl_client_socket_impl.cc(1026)] handshake failed; returned -1, SSL error code 1, net_error -100
6월 26, 2018 19:22:57.05 [11676:1924:0626/192257.043:ERROR:ssl_client_socket_impl.cc(1026)] handshake failed; returned -1, SSL error code 1, net_error -100
6월 26, 2018 19:22:57.31 [11676:1924:0626/192257.309:ERROR:ssl_client_socket_impl.cc(1026)] handshake failed; returned -1, SSL error code 1, net_error -100
6월 26, 2018 19:22:57.97 [11676:1924:0626/192257.977:ERROR:ssl_client_socket_impl.cc(1026)] handshake failed; returned -1, SSL error code 1, net_error -100
6월 26, 2018 19:22:57.98 [11676:1924:0626/192257.981:ERROR:ssl_client_socket_impl.cc(1026)] handshake failed; returned -1, SSL error code 1, net_error -100
6월 26, 2018 19:22:58.22 [11676:1924:0626/192258.222:ERROR:ssl_client_socket_impl.cc(1026)] handshake failed; returned -1, SSL error code 1, net_error -100
6월 26, 2018 19:31:23.73 [11676:2512:0626/193123.731:ERROR:CONSOLE(32)] "Uncaught TypeError: Cannot read property 'displayName' of undefined", source: chrome://settings/lazy_load.crisper.js (32)
6월 26, 2018 19:31:23.74 [11676:2512:0626/193123.731:ERROR:CONSOLE(32)] "Uncaught TypeError: Cannot read property 'displayName' of undefined", source: chrome://settings/lazy_load.crisper.js (32)
6월 26, 2018 19:31:29.17 [11676:2512:0626/193129.172:ERROR:CONSOLE(32)] "Uncaught TypeError: Cannot read property 'displayName' of undefined", source: chrome://settings/lazy_load.crisper.js (32)
6월 26, 2018 19:31:29.17 [11676:2512:0626/193129.172:ERROR:CONSOLE(32)] "Uncaught TypeError: Cannot read property 'displayName' of undefined", source: chrome://settings/lazy_load.crisper.js (32)
6월 26, 2018 19:36:07.92 [11676:2512:0626/193607.921:ERROR:CONSOLE(32)] "Uncaught TypeError: Cannot read property 'displayName' of undefined", source: chrome://settings/lazy_load.crisper.js (32)
6월 26, 2018 19:36:07.92 [11676:2512:0626/193607.921:ERROR:CONSOLE(32)] "Uncaught TypeError: Cannot read property 'displayName' of undefined", source: chrome://settings/lazy_load.crisper.js (32)
6월 26, 2018 19:36:36.95 [11676:2512:0626/193636.951:ERROR:CONSOLE(32)] "Uncaught TypeError: Cannot read property 'displayName' of undefined", source: chrome://settings/lazy_load.crisper.js (32)
6월 26, 2018 19:36:36.95 [11676:2512:0626/193636.951:ERROR:CONSOLE(32)] "Uncaught TypeError: Cannot read property 'displayName' of undefined", source: chrome://settings/lazy_load.crisper.js (32)
6월 26, 2018 19:37:11.22 [11676:2512:0626/193711.226:ERROR:CONSOLE(32)] "Uncaught TypeError: Cannot read property 'displayName' of undefined", source: chrome://settings/lazy_load.crisper.js (32)
6월 26, 2018 19:37:11.23 [11676:2512:0626/193711.227:ERROR:CONSOLE(32)] "Uncaught TypeError: Cannot read property 'displayName' of undefined", source: chrome://settings/lazy_load.crisper.js (32)
6월 26, 2018 19:45:27.16 [11676:2512:0626/194527.161:ERROR:CONSOLE(32)] "Uncaught TypeError: Cannot read property 'displayName' of undefined", source: chrome://settings/lazy_load.crisper.js (32)
6월 26, 2018 19:45:27.16 [11676:2512:0626/194527.162:ERROR:CONSOLE(32)] "Uncaught TypeError: Cannot read property 'displayName' of undefined", source: chrome://settings/lazy_load.crisper.js (32)
6월 26, 2018 19:45:38.26 [11676:2512:0626/194538.262:ERROR:CONSOLE(32)] "Uncaught TypeError: Cannot read property 'displayName' of undefined", source: chrome://settings/lazy_load.crisper.js (32)
6월 26, 2018 19:45:38.27 [11676:2512:0626/194538.262:ERROR:CONSOLE(32)] "Uncaught TypeError: Cannot read property 'displayName' of undefined", source: chrome://settings/lazy_load.crisper.js (32)
6월 26, 2018 20:43:24.66 [11676:2512:0626/204324.664:ERROR:CONSOLE(32)] "Uncaught TypeError: Cannot read property 'displayName' of undefined", source: chrome://settings/lazy_load.crisper.js (32)
6월 26, 2018 20:43:24.67 [11676:2512:0626/204324.665:ERROR:CONSOLE(32)] "Uncaught TypeError: Cannot read property 'displayName' of undefined", source: chrome://settings/lazy_load.crisper.js (32)

6월 27, 2018 09:09:06.27 NEW SESSION
6월 27, 2018 09:09:06.27 [6288:3240:0627/090906.275:ERROR:install_util.cc(589)] Unable to create registry key HKLM\SOFTWARE\Policies\Google\Chrome for reading result=2

6월 27, 2018 13:45:04.23 NEW SESSION
6월 27, 2018 13:45:04.23 [15800:14276:0627/134504.232:ERROR:install_util.cc(589)] Unable to create registry key HKLM\SOFTWARE\Policies\Google\Chrome for reading result=2
6월 27, 2018 13:45:20.63 [15800:14276:0627/134520.639:ERROR:CONSOLE(32)] "Uncaught TypeError: Cannot read property 'displayName' of undefined", source: chrome://settings/lazy_load.crisper.js (32)
6월 27, 2018 13:45:20.64 [15800:14276:0627/134520.639:ERROR:CONSOLE(32)] "Uncaught TypeError: Cannot read property 'displayName' of undefined", source: chrome://settings/lazy_load.crisper.js (32)
6월 27, 2018 13:59:10.39 Unable to read VR Path Registry from C:\Users\Mirim\AppData\Local\openvr\openvrpaths.vrpath
6월 27, 2018 13:59:10.39 [15800:14276:0627/135910.390:ERROR:CONSOLE(32)] "Uncaught TypeError: Cannot read property 'displayName' of undefined", source: chrome://settings/lazy_load.crisper.js (32)
6월 27, 2018 13:59:10.40 [15800:14276:0627/135910.390:ERROR:CONSOLE(32)] "Uncaught TypeError: Cannot read property 'displayName' of undefined", source: chrome://settings/lazy_load.crisper.js (32)
6월 27, 2018 13:59:52.32 [15800:14276:0627/135952.321:ERROR:CONSOLE(32)] "Uncaught TypeError: Cannot read property 'displayName' of undefined", source: chrome://settings/lazy_load.crisper.js (32)
6월 27, 2018 13:59:52.32 [15800:14276:0627/135952.321:ERROR:CONSOLE(32)] "Uncaught TypeError: Cannot read property 'displayName' of undefined", source: chrome://settings/lazy_load.crisper.js (32)
6월 27, 2018 14:00:45.38 [3844:12780:0627/140045.383:ERROR:install_util.cc(589)] Unable to create registry key HKLM\SOFTWARE\Policies\Google\Chrome for reading result=2

6월 27, 2018 20:34:49.81 NEW SESSION
6월 27, 2018 20:34:49.81 [11796:11792:0627/203449.814:ERROR:install_util.cc(589)] Unable to create registry key HKLM\SOFTWARE\Policies\Google\Chrome for reading result=2
6월 27, 2018 20:34:49.86 [11796:11792:0627/203449.868:ERROR:persistent_memory_allocator.cc(845)] Corruption detected in shared-memory segment.
6월 27, 2018 20:34:49.89 [11796:12488:0627/203449.896:ERROR:persistent_memory_allocator.cc(845)] Corruption detected in shared-memory segment.
6월 27, 2018 20:34:50.21 [11796:12864:0627/203450.215:ERROR:backend_impl.cc(1064)] Critical error found -8
6월 27, 2018 20:34:50.22 [11796:12864:0627/203450.215:ERROR:entry_impl.cc(1041)] No file for a00117af
6월 27, 2018 20:34:50.44 [11796:12864:0627/203450.448:ERROR:backend_impl.cc(1064)] Critical error found -8
6월 27, 2018 20:34:50.90 [11796:12864:0627/203450.901:ERROR:backend_impl.cc(1064)] Critical error found -8
6월 27, 2018 20:34:50.90 [11796:12864:0627/203450.901:ERROR:entry_impl.cc(966)] Failed to save user data
6월 27, 2018 21:03:37.99 Unable to read VR Path Registry from C:\Users\Mirim\AppData\Local\openvr\openvrpaths.vrpath

6월 28, 2018 07:43:20.42 NEW SESSION
6월 28, 2018 07:43:20.42 [16036:9788:0628/074320.417:ERROR:install_util.cc(589)] Unable to create registry key HKLM\SOFTWARE\Policies\Google\Chrome for reading result=2
6월 28, 2018 07:43:20.67 [16036:9788:0628/074320.668:ERROR:in_progress_cache_impl.cc(188)] Cache is not initialized, cannot RetrieveEntry.
6월 28, 2018 07:43:20.67 [16036:9788:0628/074320.668:ERROR:in_progress_cache_impl.cc(188)] Cache is not initialized, cannot RetrieveEntry.
6월 28, 2018 07:50:03.62 Unable to read VR Path Registry from C:\Users\user\AppData\Local\openvr\openvrpaths.vrpath
6월 28, 2018 07:50:06.34 [18120:2984:0628/075006.346:ERROR:install_util.cc(589)] Unable to create registry key HKLM\SOFTWARE\Policies\Google\Chrome for reading result=2
6월 28, 2018 07:50:06.57 [18120:2984:0628/075006.567:ERROR:in_progress_cache_impl.cc(188)] Cache is not initialized, cannot RetrieveEntry.
6월 28, 2018 07:50:06.58 [18120:2984:0628/075006.567:ERROR:in_progress_cache_impl.cc(188)] Cache is not initialized, cannot RetrieveEntry.
6월 28, 2018 08:59:05.43 Unable to read VR Path Registry from C:\Users\user\AppData\Local\openvr\openvrpaths.vrpath

6월 28, 2018 09:02:47.35 NEW SESSION
6월 28, 2018 09:02:47.35 [8212:3560:0628/090245.997:ERROR:install_util.cc(589)] Unable to create registry key HKLM\SOFTWARE\Policies\Google\Chrome for reading result=2
6월 28, 2018 09:14:19.33 Unable to read VR Path Registry from C:\Users\Mirim\AppData\Local\openvr\openvrpaths.vrpath
6월 28, 2018 09:14:22.77 [8456:4316:0628/091422.774:ERROR:install_util.cc(589)] Unable to create registry key HKLM\SOFTWARE\Policies\Google\Chrome for reading result=2
6월 28, 2018 09:27:09.10 Unable to read VR Path Registry from C:\Users\Mirim\AppData\Local\openvr\openvrpaths.vrpath
6월 28, 2018 09:27:09.11 [8456:4316:0628/092709.108:ERROR:CONSOLE(32)] "Uncaught TypeError: Cannot read property 'displayName' of undefined", source: chrome://settings/lazy_load.crisper.js (32)
6월 28, 2018 09:27:09.11 [8456:4316:0628/092709.109:ERROR:CONSOLE(32)] "Uncaught TypeError: Cannot read property 'displayName' of undefined", source: chrome://settings/lazy_load.crisper.js (32)
6월 28, 2018 19:23:02.71 [8456:4316:0628/192302.713:ERROR:CONSOLE(32)] "Uncaught TypeError: Cannot read property 'displayName' of undefined", source: chrome://settings/lazy_load.crisper.js (32)
6월 28, 2018 19:23:02.71 [8456:4316:0628/192302.714:ERROR:CONSOLE(32)] "Uncaught TypeError: Cannot read property 'displayName' of undefined", source: chrome://settings/lazy_load.crisper.js (32)
6월 28, 2018 19:23:07.03 [14292:7424:0628/192307.029:ERROR:install_util.cc(589)] Unable to create registry key HKLM\SOFTWARE\Policies\Google\Chrome for reading result=2
6월 28, 2018 20:06:59.40 Unable to read VR Path Registry from C:\Users\Mirim\AppData\Local\openvr\openvrpaths.vrpath
6월 28, 2018 20:07:02.26 [4572:4416:0628/200702.265:ERROR:install_util.cc(589)] Unable to create registry key HKLM\SOFTWARE\Policies\Google\Chrome for reading result=2
6월 28, 2018 20:52:24.19 Unable to read VR Path Registry from C:\Users\Mirim\AppData\Local\openvr\openvrpaths.vrpath

6월 28, 2018 21:41:07.43 NEW SESSION
6월 28, 2018 21:41:07.43 [17996:1140:0628/214107.427:ERROR:install_util.cc(589)] Unable to create registry key HKLM\SOFTWARE\Policies\Google\Chrome for reading result=2
6월 28, 2018 21:41:07.97 [17996:1140:0628/214107.971:ERROR:in_progress_cache_impl.cc(188)] Cache is not initialized, cannot RetrieveEntry.
6월 28, 2018 21:41:07.98 [17996:1140:0628/214107.972:ERROR:in_progress_cache_impl.cc(188)] Cache is not initialized, cannot RetrieveEntry.
6월 28, 2018 21:51:22.63 Unable to read VR Path Registry from C:\Users\user\AppData\Local\openvr\openvrpaths.vrpath
6월 28, 2018 21:51:22.64 [17996:1140:0628/215122.634:ERROR:latency_info.cc(164)] Surface::TakeLatencyInfoFromFrame, LatencyInfo vector size 102 is too big.
6월 28, 2018 21:51:23.74 [17996:1140:0628/215123.739:ERROR:latency_info.cc(164)] Surface::TakeLatencyInfoFromFrame, LatencyInfo vector size 102 is too big.
